::1 - - [09/Mar/2023:05:12:42 +0000] "GET /api/v1/users HTTP/1.1" 200 426
::1 - - [09/Mar/2023:05:13:18 +0000] "GET /api/v1/users HTTP/1.1" 304 -
::1 - - [09/Mar/2023:05:13:32 +0000] "GET /api/v1/users HTTP/1.1" 304 -
::1 - - [09/Mar/2023:05:13:38 +0000] "GET /api/v1/users HTTP/1.1" 304 -
::1 - - [09/Mar/2023:05:13:41 +0000] "GET /api/v1/users HTTP/1.1" 304 -
::1 - - [09/Mar/2023:05:14:47 +0000] "GET /api/v1/users HTTP/1.1" 304 -
::1 - - [09/Mar/2023:05:15:12 +0000] "GET /api/v1/users HTTP/1.1" 304 -
::1 - - [09/Mar/2023:05:15:18 +0000] "GET /api/v1/users/-1 HTTP/1.1" 500 29
::1 - - [09/Mar/2023:05:15:32 +0000] "OPTIONS /api/v1/users HTTP/1.1" 204 0
::1 - - [09/Mar/2023:05:15:32 +0000] "POST /api/v1/users HTTP/1.1" 200 147
::1 - - [09/Mar/2023:05:15:33 +0000] "GET /api/v1/users HTTP/1.1" 200 565
::1 - - [09/Mar/2023:05:15:46 +0000] "GET /api/v1/users HTTP/1.1" 304 -
::1 - - [09/Mar/2023:05:16:14 +0000] "GET /api/v1/users HTTP/1.1" 304 -
::1 - - [09/Mar/2023:05:17:16 +0000] "GET /api/v1/users HTTP/1.1" 304 -
::1 - - [09/Mar/2023:05:18:31 +0000] "GET /api/v1/users HTTP/1.1" 304 -
::1 - - [09/Mar/2023:05:18:40 +0000] "GET /api/v1/users HTTP/1.1" 304 -
::1 - - [09/Mar/2023:05:18:43 +0000] "GET /api/v1/users HTTP/1.1" 304 -
::1 - - [09/Mar/2023:05:18:54 +0000] "GET /api/v1/users HTTP/1.1" 304 -
::1 - - [09/Mar/2023:05:19:00 +0000] "GET /api/v1/users HTTP/1.1" 304 -
::1 - - [09/Mar/2023:05:19:02 +0000] "GET /api/v1/users HTTP/1.1" 304 -
::1 - - [09/Mar/2023:05:19:25 +0000] "GET /api/v1/users HTTP/1.1" 304 -
::1 - - [09/Mar/2023:05:19:38 +0000] "GET /api/v1/users HTTP/1.1" 304 -
::1 - - [09/Mar/2023:05:19:51 +0000] "GET /api/v1/users HTTP/1.1" 304 -
::1 - - [09/Mar/2023:05:19:54 +0000] "GET /api/v1/users HTTP/1.1" 304 -
::1 - - [09/Mar/2023:05:20:01 +0000] "GET /api/v1/users HTTP/1.1" 304 -
::1 - - [09/Mar/2023:05:20:04 +0000] "GET /api/v1/users HTTP/1.1" 304 -
::1 - - [09/Mar/2023:05:20:16 +0000] "GET /api/v1/users HTTP/1.1" 304 -
::1 - - [09/Mar/2023:05:20:29 +0000] "GET /api/v1/users HTTP/1.1" 304 -
::1 - - [09/Mar/2023:05:21:02 +0000] "GET /api/v1/users HTTP/1.1" 304 -
::1 - - [09/Mar/2023:05:21:03 +0000] "GET /api/v1/users HTTP/1.1" 304 -
::1 - - [09/Mar/2023:05:21:06 +0000] "GET /api/v1/users HTTP/1.1" 304 -
::1 - - [09/Mar/2023:05:21:11 +0000] "GET /api/v1/users HTTP/1.1" 304 -
::1 - - [09/Mar/2023:05:21:30 +0000] "GET /api/v1/users HTTP/1.1" 304 -
::1 - - [09/Mar/2023:05:21:47 +0000] "GET /api/v1/users HTTP/1.1" 304 -
::1 - - [09/Mar/2023:05:21:54 +0000] "GET /api/v1/users HTTP/1.1" 304 -
::1 - - [09/Mar/2023:05:22:02 +0000] "GET /api/v1/users HTTP/1.1" 304 -
::1 - - [09/Mar/2023:05:22:17 +0000] "GET /api/v1/users/6406cf7c500d7035c0b5037c HTTP/1.1" 200 138
::1 - - [09/Mar/2023:05:22:19 +0000] "OPTIONS /api/v1/users/6406cf7c500d7035c0b5037c HTTP/1.1" 204 0
::1 - - [09/Mar/2023:05:22:19 +0000] "PUT /api/v1/users/6406cf7c500d7035c0b5037c HTTP/1.1" 200 31
::1 - - [09/Mar/2023:05:22:19 +0000] "GET /api/v1/users HTTP/1.1" 304 -
::1 - - [09/Mar/2023:05:22:32 +0000] "GET /api/v1/users HTTP/1.1" 304 -
::1 - - [09/Mar/2023:05:22:42 +0000] "GET /api/v1/users HTTP/1.1" 304 -
::1 - - [09/Mar/2023:05:22:52 +0000] "GET /api/v1/users HTTP/1.1" 304 -
::1 - - [09/Mar/2023:05:24:34 +0000] "GET /api/v1/users HTTP/1.1" 304 -
::1 - - [09/Mar/2023:05:24:54 +0000] "GET /api/v1/users HTTP/1.1" 304 -
::1 - - [09/Mar/2023:05:25:04 +0000] "GET /api/v1/users HTTP/1.1" 304 -
::1 - - [09/Mar/2023:05:25:24 +0000] "GET /api/v1/users HTTP/1.1" 304 -
::1 - - [09/Mar/2023:05:25:29 +0000] "GET /api/v1/users/-1 HTTP/1.1" 500 29
::1 - - [09/Mar/2023:05:25:47 +0000] "OPTIONS /api/v1/users HTTP/1.1" 204 0
::1 - - [09/Mar/2023:05:25:47 +0000] "POST /api/v1/users HTTP/1.1" 500 29
::1 - - [09/Mar/2023:05:25:51 +0000] "POST /api/v1/users HTTP/1.1" 500 29
::1 - - [09/Mar/2023:05:26:05 +0000] "OPTIONS /api/v1/users HTTP/1.1" 204 0
::1 - - [09/Mar/2023:05:26:05 +0000] "POST /api/v1/users HTTP/1.1" 500 29
::1 - - [09/Mar/2023:05:26:21 +0000] "GET /api/v1/users HTTP/1.1" 304 -
::1 - - [09/Mar/2023:05:26:27 +0000] "GET /api/v1/users/6406cf7c500d7035c0b5037c HTTP/1.1" 200 138
::1 - - [09/Mar/2023:05:26:31 +0000] "OPTIONS /api/v1/users/6406cf7c500d7035c0b5037c HTTP/1.1" 204 0
::1 - - [09/Mar/2023:05:26:31 +0000] "PUT /api/v1/users/6406cf7c500d7035c0b5037c HTTP/1.1" 200 31
::1 - - [09/Mar/2023:05:26:31 +0000] "GET /api/v1/users HTTP/1.1" 200 566
::1 - - [09/Mar/2023:05:26:39 +0000] "GET /api/v1/users HTTP/1.1" 304 -
::1 - - [09/Mar/2023:05:37:18 +0000] "GET /api/v1/users HTTP/1.1" 304 -
::1 - - [09/Mar/2023:05:38:11 +0000] "GET /api/v1/users HTTP/1.1" 304 -
::1 - - [09/Mar/2023:05:38:22 +0000] "GET /api/v1/users HTTP/1.1" 304 -
::1 - - [09/Mar/2023:05:38:26 +0000] "GET /api/v1/users HTTP/1.1" 304 -
::1 - - [09/Mar/2023:05:38:30 +0000] "GET /api/v1/users/-1 HTTP/1.1" 500 29
::1 - - [09/Mar/2023:05:38:41 +0000] "OPTIONS /api/v1/users HTTP/1.1" 204 0
::1 - - [09/Mar/2023:05:38:41 +0000] "POST /api/v1/users HTTP/1.1" 200 149
::1 - - [09/Mar/2023:05:38:41 +0000] "GET /api/v1/users HTTP/1.1" 200 707
::1 - - [09/Mar/2023:05:39:01 +0000] "GET /api/v1/users HTTP/1.1" 304 -
::1 - - [09/Mar/2023:05:39:02 +0000] "GET /api/v1/users HTTP/1.1" 304 -
::1 - - [09/Mar/2023:05:39:06 +0000] "GET /api/v1/users HTTP/1.1" 304 -
::1 - - [09/Mar/2023:05:39:29 +0000] "GET /api/v1/users HTTP/1.1" 304 -
::1 - - [09/Mar/2023:05:40:42 +0000] "GET /api/v1/users HTTP/1.1" 304 -
::1 - - [09/Mar/2023:05:46:09 +0000] "GET /api/v1/users/-1 HTTP/1.1" 500 29
::1 - - [09/Mar/2023:05:46:18 +0000] "OPTIONS /api/v1/users HTTP/1.1" 204 0
::1 - - [09/Mar/2023:05:46:18 +0000] "POST /api/v1/users HTTP/1.1" 200 152
::1 - - [09/Mar/2023:05:46:19 +0000] "GET /api/v1/users HTTP/1.1" 200 851
::1 - - [09/Mar/2023:05:46:34 +0000] "GET /api/v1/users HTTP/1.1" 304 -
::1 - - [09/Mar/2023:05:46:39 +0000] "GET /api/v1/users HTTP/1.1" 304 -
::1 - - [09/Mar/2023:05:46:41 +0000] "GET /api/v1/users HTTP/1.1" 304 -
::1 - - [09/Mar/2023:05:47:20 +0000] "GET /api/v1/users HTTP/1.1" 304 -
::1 - - [09/Mar/2023:05:47:24 +0000] "GET /api/v1/users HTTP/1.1" 304 -
::1 - - [09/Mar/2023:05:48:50 +0000] "GET /api/v1/users HTTP/1.1" 304 -
::1 - - [09/Mar/2023:05:48:55 +0000] "GET /api/v1/users HTTP/1.1" 304 -
::1 - - [09/Mar/2023:05:49:03 +0000] "GET /api/v1/users HTTP/1.1" 304 -
::1 - - [09/Mar/2023:05:49:09 +0000] "GET /api/v1/users/-1 HTTP/1.1" 500 29
::1 - - [09/Mar/2023:05:49:22 +0000] "OPTIONS /api/v1/users HTTP/1.1" 204 0
::1 - - [09/Mar/2023:05:49:22 +0000] "POST /api/v1/users HTTP/1.1" 200 154
::1 - - [09/Mar/2023:05:49:22 +0000] "GET /api/v1/users HTTP/1.1" 200 997
::1 - - [09/Mar/2023:05:50:10 +0000] "OPTIONS /api/v1/users/64097362c0d70035d8b8ec46 HTTP/1.1" 204 0
::1 - - [09/Mar/2023:05:50:10 +0000] "DELETE /api/v1/users/64097362c0d70035d8b8ec46 HTTP/1.1" 200 31
::1 - - [09/Mar/2023:05:50:11 +0000] "GET /api/v1/users HTTP/1.1" 200 851
::1 - - [09/Mar/2023:05:50:11 +0000] "OPTIONS /api/v1/users/640972aac0d70035d8b8ec3b HTTP/1.1" 204 0
::1 - - [09/Mar/2023:05:50:12 +0000] "DELETE /api/v1/users/640972aac0d70035d8b8ec3b HTTP/1.1" 200 31
::1 - - [09/Mar/2023:05:50:12 +0000] "GET /api/v1/users HTTP/1.1" 200 707
::1 - - [09/Mar/2023:05:50:13 +0000] "OPTIONS /api/v1/users/640970e1c0d70035d8b8ec33 HTTP/1.1" 204 0
::1 - - [09/Mar/2023:05:50:13 +0000] "DELETE /api/v1/users/640970e1c0d70035d8b8ec33 HTTP/1.1" 200 31
::1 - - [09/Mar/2023:05:50:13 +0000] "GET /api/v1/users HTTP/1.1" 200 566
::1 - - [09/Mar/2023:05:50:15 +0000] "OPTIONS /api/v1/users/6406da0a515b6e1eac91200d HTTP/1.1" 204 0
::1 - - [09/Mar/2023:05:50:15 +0000] "DELETE /api/v1/users/6406da0a515b6e1eac91200d HTTP/1.1" 200 31
::1 - - [09/Mar/2023:05:50:16 +0000] "GET /api/v1/users HTTP/1.1" 200 427
::1 - - [09/Mar/2023:05:52:34 +0000] "GET /api/v1/users HTTP/1.1" 304 -
::1 - - [09/Mar/2023:05:52:54 +0000] "GET /api/v1/users HTTP/1.1" 304 -
::1 - - [09/Mar/2023:05:53:13 +0000] "GET /api/v1/users/-1 HTTP/1.1" 500 29
::1 - - [09/Mar/2023:05:53:27 +0000] "GET /api/v1/users/-1 HTTP/1.1" 500 29
::1 - - [09/Mar/2023:05:53:35 +0000] "GET /api/v1/users/-1 HTTP/1.1" 500 29
::1 - - [09/Mar/2023:05:53:46 +0000] "GET /api/v1/users/-1 HTTP/1.1" 500 29
::1 - - [09/Mar/2023:05:53:49 +0000] "GET /api/v1/users/-1 HTTP/1.1" 500 29
::1 - - [09/Mar/2023:05:53:53 +0000] "GET /api/v1/users/-1 HTTP/1.1" 500 29
::1 - - [09/Mar/2023:05:53:58 +0000] "GET /api/v1/users/-1 HTTP/1.1" 500 29
::1 - - [09/Mar/2023:05:54:06 +0000] "GET /api/v1/users/-1 HTTP/1.1" 500 29
::1 - - [09/Mar/2023:05:54:08 +0000] "GET /api/v1/users/-1 HTTP/1.1" 500 29
::1 - - [09/Mar/2023:05:54:10 +0000] "GET /api/v1/users/-1 HTTP/1.1" 500 29
::1 - - [09/Mar/2023:05:54:12 +0000] "GET /api/v1/users/-1 HTTP/1.1" 500 29
::1 - - [09/Mar/2023:05:54:15 +0000] "GET /api/v1/users/-1 HTTP/1.1" 500 29
::1 - - [09/Mar/2023:05:54:17 +0000] "GET /api/v1/users/-1 HTTP/1.1" 500 29
::1 - - [09/Mar/2023:05:54:29 +0000] "GET /api/v1/users/-1 HTTP/1.1" 500 29
::1 - - [09/Mar/2023:05:54:35 +0000] "GET /api/v1/users/-1 HTTP/1.1" 500 29
::1 - - [09/Mar/2023:05:54:37 +0000] "GET /api/v1/users/-1 HTTP/1.1" 500 29
::1 - - [09/Mar/2023:05:54:39 +0000] "GET /api/v1/users/-1 HTTP/1.1" 500 29
::1 - - [09/Mar/2023:05:54:51 +0000] "GET /api/v1/users/-1 HTTP/1.1" 500 29
::1 - - [09/Mar/2023:05:55:54 +0000] "GET /api/v1/users/-1 HTTP/1.1" 500 29
::1 - - [09/Mar/2023:05:55:59 +0000] "GET /api/v1/users/-1 HTTP/1.1" 500 29
::1 - - [09/Mar/2023:05:56:01 +0000] "GET /api/v1/users/-1 HTTP/1.1" 500 29
::1 - - [09/Mar/2023:05:56:13 +0000] "GET /api/v1/users/-1 HTTP/1.1" 500 29
::1 - - [09/Mar/2023:05:56:23 +0000] "GET /api/v1/users/-1 HTTP/1.1" 500 29
::1 - - [09/Mar/2023:05:56:33 +0000] "GET /api/v1/users/-1 HTTP/1.1" 500 29
::1 - - [09/Mar/2023:05:56:43 +0000] "GET /api/v1/users/-1 HTTP/1.1" 500 29
::1 - - [09/Mar/2023:05:56:44 +0000] "GET /api/v1/users/-1 HTTP/1.1" 500 29
::1 - - [09/Mar/2023:05:56:49 +0000] "GET /api/v1/users/-1 HTTP/1.1" 500 29
::1 - - [09/Mar/2023:05:57:04 +0000] "GET /api/v1/users HTTP/1.1" 304 -
::1 - - [09/Mar/2023:05:57:13 +0000] "GET /api/v1/users/-1 HTTP/1.1" 500 29
::1 - - [09/Mar/2023:05:57:23 +0000] "OPTIONS /api/v1/users HTTP/1.1" 204 0
::1 - - [09/Mar/2023:05:57:24 +0000] "POST /api/v1/users HTTP/1.1" 200 146
::1 - - [09/Mar/2023:05:57:24 +0000] "GET /api/v1/users HTTP/1.1" 200 565
::1 - - [09/Mar/2023:05:58:05 +0000] "GET /api/v1/users HTTP/1.1" 304 -
::1 - - [09/Mar/2023:06:07:00 +0000] "GET /api/v1/users HTTP/1.1" 304 -
::1 - - [09/Mar/2023:06:07:06 +0000] "GET /api/v1/users HTTP/1.1" 304 -
::1 - - [09/Mar/2023:06:07:15 +0000] "GET /api/v1/users HTTP/1.1" 304 -
::1 - - [09/Mar/2023:06:07:19 +0000] "GET /api/v1/users HTTP/1.1" 304 -
::1 - - [09/Mar/2023:06:07:21 +0000] "GET /api/v1/users HTTP/1.1" 304 -
::1 - - [09/Mar/2023:06:07:26 +0000] "GET /api/v1/users HTTP/1.1" 304 -
::1 - - [09/Mar/2023:06:07:27 +0000] "GET /api/v1/users HTTP/1.1" 304 -
::1 - - [09/Mar/2023:06:07:30 +0000] "GET /api/v1/users HTTP/1.1" 304 -
::1 - - [09/Mar/2023:06:08:48 +0000] "GET /api/v1/users/-1 HTTP/1.1" 500 29
::1 - - [09/Mar/2023:06:09:03 +0000] "OPTIONS /api/v1/users HTTP/1.1" 204 0
::1 - - [09/Mar/2023:06:09:03 +0000] "POST /api/v1/users HTTP/1.1" 200 149
::1 - - [09/Mar/2023:06:09:04 +0000] "GET /api/v1/users HTTP/1.1" 200 706
::1 - - [09/Mar/2023:06:11:37 +0000] "GET /api/v1/users HTTP/1.1" 304 -
::1 - - [09/Mar/2023:06:11:41 +0000] "GET /api/v1/users/-1 HTTP/1.1" 500 29
::1 - - [09/Mar/2023:06:11:50 +0000] "OPTIONS /api/v1/users HTTP/1.1" 204 0
::1 - - [09/Mar/2023:06:11:50 +0000] "POST /api/v1/users HTTP/1.1" 200 146
::1 - - [09/Mar/2023:06:11:50 +0000] "GET /api/v1/users HTTP/1.1" 200 844
::1 - - [09/Mar/2023:06:12:03 +0000] "GET /api/v1/users HTTP/1.1" 304 -
::1 - - [09/Mar/2023:06:12:08 +0000] "OPTIONS /api/v1/users/640978a6c0d70035d8b8ec64 HTTP/1.1" 204 0
::1 - - [09/Mar/2023:06:12:08 +0000] "DELETE /api/v1/users/640978a6c0d70035d8b8ec64 HTTP/1.1" 200 31
::1 - - [09/Mar/2023:06:12:08 +0000] "GET /api/v1/users HTTP/1.1" 200 706
::1 - - [09/Mar/2023:06:12:10 +0000] "OPTIONS /api/v1/users/640977ffc0d70035d8b8ec60 HTTP/1.1" 204 0
::1 - - [09/Mar/2023:06:12:10 +0000] "DELETE /api/v1/users/640977ffc0d70035d8b8ec60 HTTP/1.1" 200 31
::1 - - [09/Mar/2023:06:12:10 +0000] "GET /api/v1/users HTTP/1.1" 200 565
::1 - - [09/Mar/2023:06:12:11 +0000] "OPTIONS /api/v1/users/64097543c0d70035d8b8ec54 HTTP/1.1" 204 0
::1 - - [09/Mar/2023:06:12:11 +0000] "DELETE /api/v1/users/64097543c0d70035d8b8ec54 HTTP/1.1" 200 31
::1 - - [09/Mar/2023:06:12:11 +0000] "GET /api/v1/users HTTP/1.1" 200 427
::1 - - [09/Mar/2023:06:12:22 +0000] "GET /api/v1/users HTTP/1.1" 304 -
::1 - - [09/Mar/2023:06:17:19 +0000] "GET /api/v1/users HTTP/1.1" 304 -
::1 - - [09/Mar/2023:06:17:19 +0000] "GET /api/v1/users HTTP/1.1" 304 -
::1 - - [09/Mar/2023:06:19:11 +0000] "GET /api/v1/users HTTP/1.1" 304 -
::1 - - [09/Mar/2023:06:19:20 +0000] "GET /api/v1/users/-1 HTTP/1.1" 500 29
::1 - - [09/Mar/2023:06:19:25 +0000] "OPTIONS /api/v1/users HTTP/1.1" 204 0
::1 - - [09/Mar/2023:06:19:26 +0000] "POST /api/v1/users HTTP/1.1" 200 142
::1 - - [09/Mar/2023:06:19:26 +0000] "GET /api/v1/users HTTP/1.1" 200 561
::1 - - [09/Mar/2023:06:19:52 +0000] "GET /api/v1/users HTTP/1.1" 304 -
::1 - - [09/Mar/2023:06:20:11 +0000] "GET /api/v1/users HTTP/1.1" 304 -
::1 - - [09/Mar/2023:06:20:36 +0000] "GET /api/v1/users HTTP/1.1" 304 -
::1 - - [09/Mar/2023:06:20:40 +0000] "GET /api/v1/users/-1 HTTP/1.1" 500 29
::1 - - [09/Mar/2023:06:20:46 +0000] "OPTIONS /api/v1/users HTTP/1.1" 204 0
::1 - - [09/Mar/2023:06:20:46 +0000] "POST /api/v1/users HTTP/1.1" 200 154
::1 - - [09/Mar/2023:06:20:46 +0000] "GET /api/v1/users HTTP/1.1" 200 707
::1 - - [09/Mar/2023:06:21:19 +0000] "GET /api/v1/users HTTP/1.1" 304 -
::1 - - [09/Mar/2023:06:21:28 +0000] "GET /api/v1/users HTTP/1.1" 304 -
::1 - - [09/Mar/2023:06:21:44 +0000] "GET /api/v1/users HTTP/1.1" 304 -
::1 - - [09/Mar/2023:06:21:44 +0000] "GET /api/v1/users HTTP/1.1" 304 -
::1 - - [09/Mar/2023:06:21:46 +0000] "GET /api/v1/users HTTP/1.1" 304 -
::1 - - [09/Mar/2023:06:22:00 +0000] "GET /api/v1/users HTTP/1.1" 304 -
::1 - - [09/Mar/2023:06:22:16 +0000] "GET /api/v1/users HTTP/1.1" 304 -
::1 - - [09/Mar/2023:06:22:41 +0000] "GET /api/v1/users HTTP/1.1" 304 -
::1 - - [09/Mar/2023:06:22:47 +0000] "GET /api/v1/users HTTP/1.1" 304 -
::1 - - [09/Mar/2023:06:25:11 +0000] "GET /api/v1/users HTTP/1.1" 304 -
::1 - - [09/Mar/2023:06:25:13 +0000] "GET /api/v1/users/-1 HTTP/1.1" 500 29
::1 - - [09/Mar/2023:06:25:22 +0000] "OPTIONS /api/v1/users HTTP/1.1" 204 0
::1 - - [09/Mar/2023:06:25:22 +0000] "POST /api/v1/users HTTP/1.1" 200 138
::1 - - [09/Mar/2023:06:25:23 +0000] "GET /api/v1/users HTTP/1.1" 200 837
::1 - - [09/Mar/2023:06:25:42 +0000] "GET /api/v1/users HTTP/1.1" 304 -
::1 - - [09/Mar/2023:06:25:47 +0000] "GET /api/v1/users HTTP/1.1" 304 -
::1 - - [09/Mar/2023:06:25:50 +0000] "OPTIONS /api/v1/users/64097bd2c0d70035d8b8ec85 HTTP/1.1" 204 0
::1 - - [09/Mar/2023:06:25:50 +0000] "DELETE /api/v1/users/64097bd2c0d70035d8b8ec85 HTTP/1.1" 200 31
::1 - - [09/Mar/2023:06:25:50 +0000] "GET /api/v1/users HTTP/1.1" 200 707
::1 - - [09/Mar/2023:06:25:52 +0000] "GET /api/v1/users/-1 HTTP/1.1" 500 29
::1 - - [09/Mar/2023:06:25:59 +0000] "OPTIONS /api/v1/users HTTP/1.1" 204 0
::1 - - [09/Mar/2023:06:25:59 +0000] "POST /api/v1/users HTTP/1.1" 200 142
::1 - - [09/Mar/2023:06:27:42 +0000] "GET /api/v1/users HTTP/1.1" 200 841
::1 - - [09/Mar/2023:06:27:50 +0000] "OPTIONS /api/v1/users/64097bf7c0d70035d8b8ec8c HTTP/1.1" 204 0
::1 - - [09/Mar/2023:06:27:50 +0000] "DELETE /api/v1/users/64097bf7c0d70035d8b8ec8c HTTP/1.1" 200 31
::1 - - [09/Mar/2023:06:27:50 +0000] "GET /api/v1/users HTTP/1.1" 200 707
::1 - - [09/Mar/2023:06:30:31 +0000] "GET /api/v1/users HTTP/1.1" 304 -
::1 - - [09/Mar/2023:06:30:49 +0000] "GET /api/v1/users HTTP/1.1" 304 -
::1 - - [09/Mar/2023:06:30:59 +0000] "GET /api/v1/users/-1 HTTP/1.1" 500 29
::1 - - [09/Mar/2023:06:31:10 +0000] "OPTIONS /api/v1/users HTTP/1.1" 204 0
::1 - - [09/Mar/2023:06:31:11 +0000] "POST /api/v1/users HTTP/1.1" 200 138
::1 - - [09/Mar/2023:06:31:11 +0000] "GET /api/v1/users HTTP/1.1" 200 837
::1 - - [09/Mar/2023:06:31:58 +0000] "GET /api/v1/users HTTP/1.1" 304 -
::1 - - [09/Mar/2023:06:32:18 +0000] "GET /api/v1/users/6406d007500d7035c0b50388 HTTP/1.1" 200 146
::1 - - [09/Mar/2023:06:32:19 +0000] "OPTIONS /api/v1/users/6406d007500d7035c0b50388 HTTP/1.1" 204 0
::1 - - [09/Mar/2023:06:32:19 +0000] "PUT /api/v1/users/6406d007500d7035c0b50388 HTTP/1.1" 200 31
::1 - - [09/Mar/2023:06:32:19 +0000] "GET /api/v1/users HTTP/1.1" 304 -
::1 - - [09/Mar/2023:06:33:01 +0000] "GET /api/v1/users HTTP/1.1" 304 -
::1 - - [09/Mar/2023:06:33:03 +0000] "OPTIONS /api/v1/users/64097d2ec0d70035d8b8ec93 HTTP/1.1" 204 0
::1 - - [09/Mar/2023:06:33:04 +0000] "DELETE /api/v1/users/64097d2ec0d70035d8b8ec93 HTTP/1.1" 200 31
::1 - - [09/Mar/2023:06:33:04 +0000] "GET /api/v1/users HTTP/1.1" 200 707
::1 - - [09/Mar/2023:06:33:09 +0000] "OPTIONS /api/v1/users/64097a6dc0d70035d8b8ec72 HTTP/1.1" 204 0
::1 - - [09/Mar/2023:06:33:09 +0000] "DELETE /api/v1/users/64097a6dc0d70035d8b8ec72 HTTP/1.1" 200 31
::1 - - [09/Mar/2023:06:33:09 +0000] "GET /api/v1/users HTTP/1.1" 200 573
::1 - - [09/Mar/2023:06:33:10 +0000] "OPTIONS /api/v1/users/64097abec0d70035d8b8ec78 HTTP/1.1" 204 0
::1 - - [09/Mar/2023:06:33:10 +0000] "DELETE /api/v1/users/64097abec0d70035d8b8ec78 HTTP/1.1" 200 31
::1 - - [09/Mar/2023:06:33:10 +0000] "GET /api/v1/users HTTP/1.1" 200 427
::1 - - [09/Mar/2023:06:45:05 +0000] "GET /api/v1/users HTTP/1.1" 304 -
::1 - - [09/Mar/2023:06:45:07 +0000] "GET /api/v1/users/-1 HTTP/1.1" 500 29
::1 - - [09/Mar/2023:06:45:14 +0000] "OPTIONS /api/v1/users HTTP/1.1" 204 0
::1 - - [09/Mar/2023:06:45:14 +0000] "POST /api/v1/users HTTP/1.1" 200 145
::1 - - [09/Mar/2023:06:45:15 +0000] "GET /api/v1/users HTTP/1.1" 200 564
::1 - - [09/Mar/2023:06:47:26 +0000] "GET /api/v1/users HTTP/1.1" 304 -
::1 - - [09/Mar/2023:06:48:42 +0000] "GET /api/v1/users HTTP/1.1" 304 -
::1 - - [09/Mar/2023:06:48:54 +0000] "GET /api/v1/users HTTP/1.1" 304 -
::1 - - [09/Mar/2023:06:49:00 +0000] "GET /api/v1/users/-1 HTTP/1.1" 500 29
::1 - - [09/Mar/2023:06:49:08 +0000] "OPTIONS /api/v1/users HTTP/1.1" 204 0
::1 - - [09/Mar/2023:06:49:08 +0000] "POST /api/v1/users HTTP/1.1" 200 148
::1 - - [09/Mar/2023:06:49:09 +0000] "GET /api/v1/users HTTP/1.1" 200 704
::1 - - [09/Mar/2023:06:50:28 +0000] "GET /api/v1/users HTTP/1.1" 304 -
::1 - - [09/Mar/2023:06:58:36 +0000] "GET /api/v1/users HTTP/1.1" 304 -
::1 - - [09/Mar/2023:06:59:06 +0000] "GET /api/v1/users HTTP/1.1" 304 -
::1 - - [09/Mar/2023:07:00:17 +0000] "GET /api/v1/users HTTP/1.1" 304 -
::1 - - [09/Mar/2023:07:01:29 +0000] "GET /api/v1/users HTTP/1.1" 304 -
::1 - - [09/Mar/2023:07:01:32 +0000] "GET /api/v1/users/-1 HTTP/1.1" 500 29
::1 - - [09/Mar/2023:07:01:38 +0000] "OPTIONS /api/v1/users HTTP/1.1" 204 0
::1 - - [09/Mar/2023:07:01:38 +0000] "POST /api/v1/users HTTP/1.1" 200 140
::1 - - [09/Mar/2023:07:01:39 +0000] "GET /api/v1/users HTTP/1.1" 200 836
::1 - - [09/Mar/2023:07:01:51 +0000] "GET /api/v1/users HTTP/1.1" 304 -
::1 - - [09/Mar/2023:07:02:35 +0000] "GET /api/v1/users HTTP/1.1" 304 -
::1 - - [09/Mar/2023:07:04:07 +0000] "GET /api/v1/users HTTP/1.1" 304 -
::1 - - [09/Mar/2023:07:04:25 +0000] "GET /api/v1/users/-1 HTTP/1.1" 500 29
::1 - - [09/Mar/2023:07:04:31 +0000] "OPTIONS /api/v1/users HTTP/1.1" 204 0
::1 - - [09/Mar/2023:07:04:31 +0000] "POST /api/v1/users HTTP/1.1" 500 29
::1 - - [09/Mar/2023:07:04:34 +0000] "POST /api/v1/users HTTP/1.1" 500 29
::1 - - [09/Mar/2023:07:04:37 +0000] "GET /api/v1/users/-1 HTTP/1.1" 500 29
::1 - - [09/Mar/2023:07:04:40 +0000] "OPTIONS /api/v1/users HTTP/1.1" 204 0
::1 - - [09/Mar/2023:07:04:41 +0000] "POST /api/v1/users HTTP/1.1" 200 140
::1 - - [09/Mar/2023:07:04:41 +0000] "GET /api/v1/users HTTP/1.1" 200 968
::1 - - [09/Mar/2023:07:04:48 +0000] "OPTIONS /api/v1/users/64098508c0d70035d8b8ecba HTTP/1.1" 204 0
::1 - - [09/Mar/2023:07:04:48 +0000] "DELETE /api/v1/users/64098508c0d70035d8b8ecba HTTP/1.1" 200 31
::1 - - [09/Mar/2023:07:04:48 +0000] "GET /api/v1/users HTTP/1.1" 200 836
::1 - - [09/Mar/2023:07:04:49 +0000] "OPTIONS /api/v1/users/64098164c0d70035d8b8eca8 HTTP/1.1" 204 0
::1 - - [09/Mar/2023:07:04:49 +0000] "DELETE /api/v1/users/64098164c0d70035d8b8eca8 HTTP/1.1" 200 31
::1 - - [09/Mar/2023:07:04:49 +0000] "GET /api/v1/users HTTP/1.1" 200 696
::1 - - [09/Mar/2023:07:04:50 +0000] "OPTIONS /api/v1/users/64098452c0d70035d8b8ecb0 HTTP/1.1" 204 0
::1 - - [09/Mar/2023:07:04:50 +0000] "DELETE /api/v1/users/64098452c0d70035d8b8ecb0 HTTP/1.1" 200 31
::1 - - [09/Mar/2023:07:04:51 +0000] "GET /api/v1/users HTTP/1.1" 200 564
::1 - - [09/Mar/2023:07:04:52 +0000] "OPTIONS /api/v1/users/6409807ac0d70035d8b8eca2 HTTP/1.1" 204 0
::1 - - [09/Mar/2023:07:04:52 +0000] "DELETE /api/v1/users/6409807ac0d70035d8b8eca2 HTTP/1.1" 200 31
::1 - - [09/Mar/2023:07:04:53 +0000] "GET /api/v1/users HTTP/1.1" 200 427
::1 - - [09/Mar/2023:07:05:20 +0000] "GET /api/v1/users HTTP/1.1" 304 -
::1 - - [09/Mar/2023:07:05:20 +0000] "GET /api/v1/users HTTP/1.1" 304 -
::1 - - [09/Mar/2023:07:05:37 +0000] "GET /api/v1/users HTTP/1.1" 304 -
::1 - - [09/Mar/2023:07:05:40 +0000] "GET /api/v1/users HTTP/1.1" 304 -
::1 - - [09/Mar/2023:07:06:00 +0000] "GET /api/v1/users HTTP/1.1" 304 -
::1 - - [09/Mar/2023:07:06:04 +0000] "GET /api/v1/users/-1 HTTP/1.1" 500 29
::1 - - [09/Mar/2023:07:06:08 +0000] "OPTIONS /api/v1/users HTTP/1.1" 204 0
::1 - - [09/Mar/2023:07:06:09 +0000] "POST /api/v1/users HTTP/1.1" 200 144
::1 - - [09/Mar/2023:07:06:35 +0000] "GET /api/v1/users HTTP/1.1" 200 563
::1 - - [09/Mar/2023:07:06:55 +0000] "GET /api/v1/users HTTP/1.1" - -
::1 - - [09/Mar/2023:07:12:07 +0000] "GET /api/v1/users HTTP/1.1" 200 563
::1 - - [09/Mar/2023:07:12:09 +0000] "GET /api/v1/users/-1 HTTP/1.1" 500 29
::1 - - [09/Mar/2023:07:12:13 +0000] "OPTIONS /api/v1/users HTTP/1.1" 204 0
::1 - - [09/Mar/2023:07:12:13 +0000] "POST /api/v1/users HTTP/1.1" 200 146
::1 - - [09/Mar/2023:07:12:13 +0000] "GET /api/v1/users HTTP/1.1" 200 701
::1 - - [09/Mar/2023:07:14:38 +0000] "GET /api/v1/users HTTP/1.1" 304 -
::1 - - [09/Mar/2023:07:14:48 +0000] "GET /api/v1/users HTTP/1.1" 304 -
::1 - - [09/Mar/2023:07:14:50 +0000] "GET /api/v1/users HTTP/1.1" 304 -
::1 - - [09/Mar/2023:07:15:05 +0000] "GET /api/v1/users HTTP/1.1" 304 -
::1 - - [09/Mar/2023:07:15:06 +0000] "GET /api/v1/users/-1 HTTP/1.1" 500 29
::1 - - [09/Mar/2023:07:15:11 +0000] "OPTIONS /api/v1/users HTTP/1.1" 204 0
::1 - - [09/Mar/2023:07:15:12 +0000] "POST /api/v1/users HTTP/1.1" 200 141
::1 - - [09/Mar/2023:07:15:56 +0000] "GET /api/v1/users HTTP/1.1" 200 834
::1 - - [09/Mar/2023:07:16:12 +0000] "GET /api/v1/users HTTP/1.1" 304 -
::1 - - [09/Mar/2023:07:16:13 +0000] "GET /api/v1/users/6406cf7c500d7035c0b5037c HTTP/1.1" 200 139
::1 - - [09/Mar/2023:07:16:17 +0000] "OPTIONS /api/v1/users/6406cf7c500d7035c0b5037c HTTP/1.1" 204 0
::1 - - [09/Mar/2023:07:16:17 +0000] "PUT /api/v1/users/6406cf7c500d7035c0b5037c HTTP/1.1" 200 31
::1 - - [09/Mar/2023:07:16:18 +0000] "GET /api/v1/users HTTP/1.1" 200 834
::1 - - [09/Mar/2023:07:16:35 +0000] "GET /api/v1/users HTTP/1.1" 304 -
::1 - - [09/Mar/2023:07:16:41 +0000] "GET /api/v1/users HTTP/1.1" 304 -
::1 - - [09/Mar/2023:07:16:45 +0000] "OPTIONS /api/v1/users/6409877fc0d70035d8b8ecd6 HTTP/1.1" 204 0
::1 - - [09/Mar/2023:07:16:45 +0000] "DELETE /api/v1/users/6409877fc0d70035d8b8ecd6 HTTP/1.1" 200 31
::1 - - [09/Mar/2023:07:16:45 +0000] "GET /api/v1/users HTTP/1.1" 200 701
::1 - - [09/Mar/2023:07:16:47 +0000] "OPTIONS /api/v1/users/640986cdc0d70035d8b8eccf HTTP/1.1" 204 0
::1 - - [09/Mar/2023:07:16:47 +0000] "DELETE /api/v1/users/640986cdc0d70035d8b8eccf HTTP/1.1" 200 31
::1 - - [09/Mar/2023:07:16:48 +0000] "GET /api/v1/users HTTP/1.1" 200 563
::1 - - [09/Mar/2023:07:16:49 +0000] "OPTIONS /api/v1/users/64098560c0d70035d8b8ecca HTTP/1.1" 204 0
::1 - - [09/Mar/2023:07:16:49 +0000] "DELETE /api/v1/users/64098560c0d70035d8b8ecca HTTP/1.1" 200 31
::1 - - [09/Mar/2023:07:16:49 +0000] "GET /api/v1/users HTTP/1.1" 200 427
::1 - - [09/Mar/2023:07:16:51 +0000] "GET /api/v1/users/6406d007500d7035c0b50388 HTTP/1.1" 200 146
::1 - - [09/Mar/2023:07:16:54 +0000] "OPTIONS /api/v1/users/6406d007500d7035c0b50388 HTTP/1.1" 204 0
::1 - - [09/Mar/2023:07:16:54 +0000] "PUT /api/v1/users/6406d007500d7035c0b50388 HTTP/1.1" 200 31
::1 - - [09/Mar/2023:07:16:54 +0000] "GET /api/v1/users HTTP/1.1" 200 426
::1 - - [09/Mar/2023:07:17:22 +0000] "GET /api/v1/users HTTP/1.1" 304 -
::1 - - [09/Mar/2023:07:19:33 +0000] "GET /api/v1/users HTTP/1.1" 304 -
::1 - - [09/Mar/2023:07:19:38 +0000] "GET /api/v1/users/-1 HTTP/1.1" 500 29
::1 - - [09/Mar/2023:07:19:42 +0000] "OPTIONS /api/v1/users HTTP/1.1" 204 0
::1 - - [09/Mar/2023:07:19:42 +0000] "POST /api/v1/users HTTP/1.1" 200 144
::1 - - [09/Mar/2023:07:19:43 +0000] "GET /api/v1/users HTTP/1.1" 200 562
::1 - - [09/Mar/2023:08:29:03 +0000] "GET /api/v1/users HTTP/1.1" 304 -
::1 - - [09/Mar/2023:08:29:04 +0000] "GET /api/v1/users HTTP/1.1" 304 -
::1 - - [09/Mar/2023:08:29:11 +0000] "GET /api/v1/users HTTP/1.1" 304 -
::1 - - [09/Mar/2023:08:29:28 +0000] "GET /api/v1/users HTTP/1.1" 304 -
::1 - - [09/Mar/2023:08:30:29 +0000] "GET /api/v1/users HTTP/1.1" 304 -
::1 - - [09/Mar/2023:08:30:46 +0000] "GET /api/v1/users HTTP/1.1" 304 -
::1 - - [09/Mar/2023:08:30:51 +0000] "OPTIONS /api/v1/users/6409888ec0d70035d8b8ecea HTTP/1.1" 204 0
::1 - - [09/Mar/2023:08:30:52 +0000] "DELETE /api/v1/users/6409888ec0d70035d8b8ecea HTTP/1.1" 200 31
::1 - - [09/Mar/2023:08:30:52 +0000] "GET /api/v1/users HTTP/1.1" 200 426
::1 - - [09/Mar/2023:08:31:07 +0000] "GET /api/v1/users HTTP/1.1" 304 -
::1 - - [09/Mar/2023:08:31:10 +0000] "GET /api/v1/users/-1 HTTP/1.1" 500 29
::1 - - [09/Mar/2023:08:31:18 +0000] "OPTIONS /api/v1/users HTTP/1.1" 204 0
::1 - - [09/Mar/2023:08:31:18 +0000] "POST /api/v1/users HTTP/1.1" 200 141
::1 - - [09/Mar/2023:08:31:19 +0000] "GET /api/v1/users HTTP/1.1" 200 559
::1 - - [09/Mar/2023:08:32:08 +0000] "GET /api/v1/users HTTP/1.1" 304 -
::1 - - [09/Mar/2023:08:32:09 +0000] "GET /api/v1/users HTTP/1.1" 304 -
::1 - - [09/Mar/2023:08:32:32 +0000] "GET /api/v1/users HTTP/1.1" 304 -
::1 - - [09/Mar/2023:08:32:33 +0000] "GET /api/v1/users/-1 HTTP/1.1" 500 29
::1 - - [09/Mar/2023:08:32:41 +0000] "OPTIONS /api/v1/users HTTP/1.1" 204 0
::1 - - [09/Mar/2023:08:32:42 +0000] "POST /api/v1/users HTTP/1.1" 200 147
::1 - - [09/Mar/2023:08:32:42 +0000] "GET /api/v1/users HTTP/1.1" 200 698
::1 - - [09/Mar/2023:08:33:01 +0000] "GET /api/v1/users HTTP/1.1" 304 -
::1 - - [09/Mar/2023:08:33:27 +0000] "GET /api/v1/users HTTP/1.1" 304 -
::1 - - [09/Mar/2023:08:34:04 +0000] "GET /api/v1/users HTTP/1.1" 304 -
::1 - - [09/Mar/2023:08:35:32 +0000] "GET /api/v1/users HTTP/1.1" 304 -
::1 - - [09/Mar/2023:08:35:33 +0000] "GET /api/v1/users/-1 HTTP/1.1" 500 29
::1 - - [09/Mar/2023:08:35:38 +0000] "OPTIONS /api/v1/users HTTP/1.1" 204 0
::1 - - [09/Mar/2023:08:35:38 +0000] "POST /api/v1/users HTTP/1.1" 200 141
::1 - - [09/Mar/2023:08:35:39 +0000] "GET /api/v1/users HTTP/1.1" 200 831
::1 - - [09/Mar/2023:08:35:41 +0000] "OPTIONS /api/v1/users/64099a5ac0d70035d8b8ed03 HTTP/1.1" 204 0
::1 - - [09/Mar/2023:08:35:42 +0000] "DELETE /api/v1/users/64099a5ac0d70035d8b8ed03 HTTP/1.1" 200 31
::1 - - [09/Mar/2023:08:35:42 +0000] "GET /api/v1/users HTTP/1.1" 200 698
::1 - - [09/Mar/2023:08:35:42 +0000] "OPTIONS /api/v1/users/640999a9c0d70035d8b8ecfc HTTP/1.1" 204 0
::1 - - [09/Mar/2023:08:35:43 +0000] "DELETE /api/v1/users/640999a9c0d70035d8b8ecfc HTTP/1.1" 200 31
::1 - - [09/Mar/2023:08:35:43 +0000] "GET /api/v1/users HTTP/1.1" 200 559
::1 - - [09/Mar/2023:08:35:44 +0000] "OPTIONS /api/v1/users/64099956c0d70035d8b8ecf6 HTTP/1.1" 204 0
::1 - - [09/Mar/2023:08:35:44 +0000] "DELETE /api/v1/users/64099956c0d70035d8b8ecf6 HTTP/1.1" 200 31
::1 - - [09/Mar/2023:08:35:44 +0000] "GET /api/v1/users HTTP/1.1" 200 426
::1 - - [09/Mar/2023:08:43:03 +0000] "GET /api/v1/users/-1 HTTP/1.1" 500 29
::1 - - [09/Mar/2023:08:44:43 +0000] "GET /api/v1/users/-1 HTTP/1.1" 500 29
::1 - - [09/Mar/2023:08:44:49 +0000] "GET /api/v1/users/-1 HTTP/1.1" 500 29
::1 - - [09/Mar/2023:08:44:53 +0000] "GET /api/v1/users/-1 HTTP/1.1" 500 29
::1 - - [09/Mar/2023:08:44:57 +0000] "GET /api/v1/users/-1 HTTP/1.1" 500 29
::1 - - [09/Mar/2023:08:49:16 +0000] "GET /api/v1/users/-1 HTTP/1.1" 500 29
::1 - - [09/Mar/2023:08:49:19 +0000] "GET /api/v1/users/-1 HTTP/1.1" 500 29
::1 - - [09/Mar/2023:08:49:22 +0000] "GET /api/v1/users/-1 HTTP/1.1" 500 29
::1 - - [09/Mar/2023:08:49:38 +0000] "GET /api/v1/users HTTP/1.1" 304 -
::1 - - [09/Mar/2023:08:50:26 +0000] "GET /api/v1/users/-1 HTTP/1.1" 500 29
::1 - - [09/Mar/2023:08:50:30 +0000] "GET /api/v1/users/-1 HTTP/1.1" 500 29
::1 - - [09/Mar/2023:08:50:44 +0000] "GET /api/v1/users HTTP/1.1" 304 -
::1 - - [09/Mar/2023:08:51:06 +0000] "GET /api/v1/users/-1 HTTP/1.1" 500 29
::1 - - [09/Mar/2023:08:51:09 +0000] "GET /api/v1/users/-1 HTTP/1.1" 500 29
::1 - - [09/Mar/2023:08:51:22 +0000] "GET /api/v1/users HTTP/1.1" 304 -
::1 - - [09/Mar/2023:08:51:45 +0000] "GET /api/v1/users/-1 HTTP/1.1" 500 29
::1 - - [09/Mar/2023:08:51:51 +0000] "GET /api/v1/users/-1 HTTP/1.1" 500 29
::1 - - [09/Mar/2023:08:52:20 +0000] "GET /api/v1/users/-1 HTTP/1.1" 500 29
::1 - - [09/Mar/2023:08:52:21 +0000] "GET /api/v1/users/-1 HTTP/1.1" 500 29
::1 - - [09/Mar/2023:08:52:26 +0000] "GET /api/v1/users/-1 HTTP/1.1" 500 29
::1 - - [09/Mar/2023:08:52:28 +0000] "GET /api/v1/users HTTP/1.1" 304 -
::1 - - [09/Mar/2023:08:52:32 +0000] "GET /api/v1/users/-1 HTTP/1.1" 500 29
::1 - - [09/Mar/2023:08:52:35 +0000] "GET /api/v1/users HTTP/1.1" 304 -
::1 - - [09/Mar/2023:08:52:36 +0000] "GET /api/v1/users/-1 HTTP/1.1" 500 29
::1 - - [09/Mar/2023:08:53:03 +0000] "OPTIONS /api/v1/users HTTP/1.1" 204 0
::1 - - [09/Mar/2023:08:53:03 +0000] "POST /api/v1/users HTTP/1.1" 200 147
::1 - - [09/Mar/2023:08:53:04 +0000] "GET /api/v1/users HTTP/1.1" 200 565
::1 - - [09/Mar/2023:08:53:08 +0000] "OPTIONS /api/v1/users/64099e6fc0d70035d8b8ed11 HTTP/1.1" 204 0
::1 - - [09/Mar/2023:08:53:08 +0000] "DELETE /api/v1/users/64099e6fc0d70035d8b8ed11 HTTP/1.1" 200 31
::1 - - [09/Mar/2023:08:53:09 +0000] "GET /api/v1/users HTTP/1.1" 200 426
::1 - - [09/Mar/2023:08:54:01 +0000] "GET /api/v1/users/-1 HTTP/1.1" 500 29
::1 - - [09/Mar/2023:08:54:03 +0000] "GET /api/v1/users HTTP/1.1" 304 -
::1 - - [09/Mar/2023:08:54:04 +0000] "GET /api/v1/users/-1 HTTP/1.1" 500 29
::1 - - [09/Mar/2023:08:54:09 +0000] "GET /api/v1/users HTTP/1.1" 304 -
::1 - - [09/Mar/2023:08:55:00 +0000] "GET /api/v1/users HTTP/1.1" 304 -
::1 - - [09/Mar/2023:09:10:14 +0000] "GET /api/v1/users HTTP/1.1" 304 -
::1 - - [09/Mar/2023:09:10:16 +0000] "GET /api/v1/users/-1 HTTP/1.1" 500 29
::1 - - [09/Mar/2023:09:10:24 +0000] "OPTIONS /api/v1/users HTTP/1.1" 204 0
::1 - - [09/Mar/2023:09:10:25 +0000] "POST /api/v1/users HTTP/1.1" 200 144
::1 - - [09/Mar/2023:09:10:25 +0000] "GET /api/v1/users HTTP/1.1" 200 562
::1 - - [09/Mar/2023:09:10:43 +0000] "GET /api/v1/users HTTP/1.1" 304 -
::1 - - [09/Mar/2023:09:11:09 +0000] "GET /api/v1/users/6406cf7c500d7035c0b5037c HTTP/1.1" 200 139
::1 - - [09/Mar/2023:09:11:13 +0000] "GET /api/v1/users HTTP/1.1" 304 -
::1 - - [09/Mar/2023:09:11:58 +0000] "GET /api/v1/users HTTP/1.1" 304 -
::1 - - [09/Mar/2023:09:12:03 +0000] "GET /api/v1/users/-1 HTTP/1.1" 500 29
::1 - - [09/Mar/2023:09:12:17 +0000] "OPTIONS /api/v1/users HTTP/1.1" 204 0
::1 - - [09/Mar/2023:09:12:18 +0000] "POST /api/v1/users HTTP/1.1" 500 29
::1 - - [09/Mar/2023:09:12:20 +0000] "POST /api/v1/users HTTP/1.1" 500 29
::1 - - [09/Mar/2023:09:12:22 +0000] "OPTIONS /api/v1/users HTTP/1.1" 204 0
::1 - - [09/Mar/2023:09:12:23 +0000] "POST /api/v1/users HTTP/1.1" 500 29
::1 - - [09/Mar/2023:09:12:23 +0000] "POST /api/v1/users HTTP/1.1" 500 29
::1 - - [09/Mar/2023:09:12:23 +0000] "POST /api/v1/users HTTP/1.1" 500 29
::1 - - [09/Mar/2023:09:12:46 +0000] "OPTIONS /api/v1/users HTTP/1.1" 204 0
::1 - - [09/Mar/2023:09:12:46 +0000] "POST /api/v1/users HTTP/1.1" 500 29
::1 - - [09/Mar/2023:09:12:47 +0000] "GET /api/v1/users/-1 HTTP/1.1" 500 29
::1 - - [09/Mar/2023:09:12:53 +0000] "OPTIONS /api/v1/users HTTP/1.1" 204 0
::1 - - [09/Mar/2023:09:12:53 +0000] "POST /api/v1/users HTTP/1.1" 200 139
::1 - - [09/Mar/2023:09:12:53 +0000] "GET /api/v1/users HTTP/1.1" 200 693
::1 - - [09/Mar/2023:09:13:22 +0000] "GET /api/v1/users HTTP/1.1" 304 -
::1 - - [09/Mar/2023:09:13:25 +0000] "GET /api/v1/users/-1 HTTP/1.1" 500 29
::1 - - [09/Mar/2023:09:13:38 +0000] "OPTIONS /api/v1/users HTTP/1.1" 204 0
::1 - - [09/Mar/2023:09:13:38 +0000] "POST /api/v1/users HTTP/1.1" 200 147
::1 - - [09/Mar/2023:09:13:39 +0000] "GET /api/v1/users HTTP/1.1" 200 832
::1 - - [09/Mar/2023:09:13:42 +0000] "GET /api/v1/users/6409a315c0d70035d8b8ed2d HTTP/1.1" 200 130
::1 - - [09/Mar/2023:09:13:56 +0000] "OPTIONS /api/v1/users/6409a315c0d70035d8b8ed2d HTTP/1.1" 204 0
::1 - - [09/Mar/2023:09:13:56 +0000] "PUT /api/v1/users/6409a315c0d70035d8b8ed2d HTTP/1.1" 200 31
::1 - - [09/Mar/2023:09:13:57 +0000] "GET /api/v1/users HTTP/1.1" 200 843
::1 - - [09/Mar/2023:09:13:59 +0000] "OPTIONS /api/v1/users/6409a280c0d70035d8b8ed1a HTTP/1.1" 204 0
::1 - - [09/Mar/2023:09:14:00 +0000] "DELETE /api/v1/users/6409a280c0d70035d8b8ed1a HTTP/1.1" 200 31
::1 - - [09/Mar/2023:09:14:00 +0000] "GET /api/v1/users HTTP/1.1" 200 707
::1 - - [09/Mar/2023:09:16:25 +0000] "GET /api/v1/users HTTP/1.1" 304 -
