::1 - - [07/Mar/2023:05:15:33 +0000] "GET / HTTP/1.1" 404 139
::1 - - [07/Mar/2023:05:15:51 +0000] "GET /api/v1 HTTP/1.1" 404 145
::1 - - [07/Mar/2023:05:16:01 +0000] "GET /api/v1/ HTTP/1.1" 404 146
::1 - - [07/Mar/2023:05:16:34 +0000] "GET /api HTTP/1.1" 404 142
::1 - - [07/Mar/2023:05:43:06 +0000] "GET /api/v1/users HTTP/1.1" 200 2
::1 - - [07/Mar/2023:05:43:07 +0000] "GET /api/v1/users/-1 HTTP/1.1" 500 29
::1 - - [07/Mar/2023:05:43:22 +0000] "OPTIONS /api/v1/users HTTP/1.1" 204 0
::1 - - [07/Mar/2023:05:43:23 +0000] "POST /api/v1/users HTTP/1.1" 200 155
::1 - - [07/Mar/2023:05:43:23 +0000] "GET /api/v1/users HTTP/1.1" 200 148
::1 - - [07/Mar/2023:05:43:26 +0000] "GET /api/v1/users/6406cefa500d7035c0b50375 HTTP/1.1" 200 146
::1 - - [07/Mar/2023:05:43:32 +0000] "OPTIONS /api/v1/users/6406cefa500d7035c0b50375 HTTP/1.1" 204 0
::1 - - [07/Mar/2023:05:43:33 +0000] "PUT /api/v1/users/6406cefa500d7035c0b50375 HTTP/1.1" 200 31
::1 - - [07/Mar/2023:05:43:33 +0000] "GET /api/v1/users HTTP/1.1" 200 145
::1 - - [07/Mar/2023:05:43:37 +0000] "GET /api HTTP/1.1" 404 142
::1 - - [07/Mar/2023:05:43:40 +0000] "GET /api/v1 HTTP/1.1" 404 145
::1 - - [07/Mar/2023:05:43:43 +0000] "GET /api/v1/ HTTP/1.1" 404 146
::1 - - [07/Mar/2023:05:44:09 +0000] "GET /api/v1/users HTTP/1.1" 304 -
::1 - - [07/Mar/2023:05:44:55 +0000] "GET /api/v1/users/-1 HTTP/1.1" 500 29
::1 - - [07/Mar/2023:05:45:18 +0000] "GET /api/v1/users/-1 HTTP/1.1" 500 29
::1 - - [07/Mar/2023:05:45:20 +0000] "GET /api/v1/users/-1 HTTP/1.1" 500 29
::1 - - [07/Mar/2023:05:45:32 +0000] "OPTIONS /api/v1/users HTTP/1.1" 204 0
::1 - - [07/Mar/2023:05:45:32 +0000] "POST /api/v1/users HTTP/1.1" 200 147
::1 - - [07/Mar/2023:05:45:32 +0000] "GET /api/v1/users HTTP/1.1" 200 284
::1 - - [07/Mar/2023:05:46:26 +0000] "GET /api/v1/users/-1 HTTP/1.1" 500 29
::1 - - [07/Mar/2023:05:46:29 +0000] "GET /api/v1/users HTTP/1.1" 304 -
::1 - - [07/Mar/2023:05:46:45 +0000] "GET /api/v1/users HTTP/1.1" 304 -
::1 - - [07/Mar/2023:05:46:54 +0000] "GET /api/v1/users/-1 HTTP/1.1" 500 29
::1 - - [07/Mar/2023:05:46:56 +0000] "GET /api/v1/users HTTP/1.1" 304 -
::1 - - [07/Mar/2023:05:47:07 +0000] "GET /api/v1/users HTTP/1.1" 304 -
::1 - - [07/Mar/2023:05:47:20 +0000] "GET /api/v1/users HTTP/1.1" 304 -
::1 - - [07/Mar/2023:05:47:32 +0000] "GET /api/v1/users HTTP/1.1" 304 -
::1 - - [07/Mar/2023:05:47:34 +0000] "GET /api/v1/users/-1 HTTP/1.1" 500 29
::1 - - [07/Mar/2023:05:47:36 +0000] "GET /api/v1/users HTTP/1.1" 304 -
::1 - - [07/Mar/2023:05:47:38 +0000] "OPTIONS /api/v1/users/6406cefa500d7035c0b50375 HTTP/1.1" 204 0
::1 - - [07/Mar/2023:05:47:38 +0000] "DELETE /api/v1/users/6406cefa500d7035c0b50375 HTTP/1.1" 200 31
::1 - - [07/Mar/2023:05:47:38 +0000] "GET /api/v1/users HTTP/1.1" 200 140
::1 - - [07/Mar/2023:05:47:41 +0000] "GET /api/v1/users/-1 HTTP/1.1" 500 29
::1 - - [07/Mar/2023:05:47:51 +0000] "OPTIONS /api/v1/users HTTP/1.1" 204 0
::1 - - [07/Mar/2023:05:47:51 +0000] "POST /api/v1/users HTTP/1.1" 200 155
::1 - - [07/Mar/2023:05:47:52 +0000] "GET /api/v1/users HTTP/1.1" 200 287
::1 - - [07/Mar/2023:05:47:57 +0000] "GET / HTTP/1.1" 404 139
::1 - - [07/Mar/2023:05:48:35 +0000] "GET /api/v1/users HTTP/1.1" 304 -
::1 - - [07/Mar/2023:05:48:35 +0000] "GET /favicon.ico HTTP/1.1" 404 150
::1 - - [07/Mar/2023:06:22:12 +0000] "GET /api/v1/users HTTP/1.1" 304 -
::1 - - [07/Mar/2023:06:22:38 +0000] "GET /api/v1/users/-1 HTTP/1.1" 500 29
::1 - - [07/Mar/2023:06:23:02 +0000] "GET /api/v1/users/-1 HTTP/1.1" 500 29
::1 - - [07/Mar/2023:06:23:19 +0000] "OPTIONS /api/v1/users HTTP/1.1" 204 0
::1 - - [07/Mar/2023:06:23:19 +0000] "POST /api/v1/users HTTP/1.1" 200 149
::1 - - [07/Mar/2023:06:23:19 +0000] "GET /api/v1/users HTTP/1.1" 200 428
::1 - - [07/Mar/2023:06:23:23 +0000] "OPTIONS /api/v1/users/6406d857515b6e1eac912004 HTTP/1.1" 204 0
::1 - - [07/Mar/2023:06:23:24 +0000] "DELETE /api/v1/users/6406d857515b6e1eac912004 HTTP/1.1" 200 31
::1 - - [07/Mar/2023:06:23:24 +0000] "GET /api/v1/users HTTP/1.1" 200 287
::1 - - [07/Mar/2023:06:23:40 +0000] "GET /api/v1/users HTTP/1.1" 304 -
::1 - - [07/Mar/2023:06:23:59 +0000] "GET /api/v1/users HTTP/1.1" 304 -
::1 - - [07/Mar/2023:06:24:07 +0000] "GET /api/v1/users HTTP/1.1" 304 -
::1 - - [07/Mar/2023:06:24:11 +0000] "GET /api/v1/users HTTP/1.1" 304 -
::1 - - [07/Mar/2023:06:24:12 +0000] "GET /api/v1/users/-1 HTTP/1.1" 500 29
::1 - - [07/Mar/2023:06:24:20 +0000] "GET /api/v1/users/-1 HTTP/1.1" 500 29
::1 - - [07/Mar/2023:06:24:22 +0000] "GET /api/v1/users/-1 HTTP/1.1" 500 29
::1 - - [07/Mar/2023:06:24:26 +0000] "GET /api/v1/users/-1 HTTP/1.1" 500 29
::1 - - [07/Mar/2023:06:24:42 +0000] "GET /api/v1/users/-1 HTTP/1.1" 500 29
::1 - - [07/Mar/2023:06:24:59 +0000] "GET /api/v1/users/-1 HTTP/1.1" 500 29
::1 - - [07/Mar/2023:06:25:16 +0000] "GET /api/v1/users/-1 HTTP/1.1" 500 29
::1 - - [07/Mar/2023:06:25:22 +0000] "GET /api/v1/users/-1 HTTP/1.1" 500 29
::1 - - [07/Mar/2023:06:25:28 +0000] "GET /api/v1/users/-1 HTTP/1.1" 500 29
::1 - - [07/Mar/2023:06:25:30 +0000] "GET /api/v1/users/-1 HTTP/1.1" 500 29
::1 - - [07/Mar/2023:06:25:41 +0000] "GET /api/v1/users/-1 HTTP/1.1" 500 29
::1 - - [07/Mar/2023:06:25:50 +0000] "GET /api/v1/users/-1 HTTP/1.1" 500 29
::1 - - [07/Mar/2023:06:25:52 +0000] "GET /api/v1/users/-1 HTTP/1.1" 500 29
::1 - - [07/Mar/2023:06:25:54 +0000] "GET /api/v1/users/-1 HTTP/1.1" 500 29
::1 - - [07/Mar/2023:06:25:59 +0000] "GET /api/v1/users/-1 HTTP/1.1" 500 29
::1 - - [07/Mar/2023:06:26:02 +0000] "GET /api/v1/users/-1 HTTP/1.1" 500 29
::1 - - [07/Mar/2023:06:26:49 +0000] "GET /api/v1/users/-1 HTTP/1.1" 500 29
::1 - - [07/Mar/2023:06:26:52 +0000] "GET /api/v1/users/-1 HTTP/1.1" 500 29
::1 - - [07/Mar/2023:06:26:57 +0000] "GET /api/v1/users/-1 HTTP/1.1" 500 29
::1 - - [07/Mar/2023:06:27:14 +0000] "GET /api/v1/users/-1 HTTP/1.1" 500 29
::1 - - [07/Mar/2023:06:27:25 +0000] "GET /api/v1/users/-1 HTTP/1.1" 500 29
::1 - - [07/Mar/2023:06:27:26 +0000] "GET /api/v1/users/-1 HTTP/1.1" 500 29
::1 - - [07/Mar/2023:06:27:36 +0000] "GET /api/v1/users/-1 HTTP/1.1" 500 29
::1 - - [07/Mar/2023:06:27:40 +0000] "GET /api/v1/users/-1 HTTP/1.1" 500 29
::1 - - [07/Mar/2023:06:27:42 +0000] "GET /api/v1/users/-1 HTTP/1.1" 500 29
::1 - - [07/Mar/2023:06:27:44 +0000] "GET /api/v1/users/-1 HTTP/1.1" 500 29
::1 - - [07/Mar/2023:06:27:56 +0000] "GET /api/v1/users/-1 HTTP/1.1" 500 29
::1 - - [07/Mar/2023:06:28:46 +0000] "GET /api/v1/users/-1 HTTP/1.1" 500 29
::1 - - [07/Mar/2023:06:29:05 +0000] "GET /api/v1/users/-1 HTTP/1.1" 500 29
::1 - - [07/Mar/2023:06:29:13 +0000] "GET /api/v1/users/-1 HTTP/1.1" 500 29
::1 - - [07/Mar/2023:06:29:24 +0000] "GET /api/v1/users/-1 HTTP/1.1" 500 29
::1 - - [07/Mar/2023:06:29:31 +0000] "GET /api/v1/users/-1 HTTP/1.1" 500 29
::1 - - [07/Mar/2023:06:29:55 +0000] "GET /api/v1/users/-1 HTTP/1.1" 500 29
::1 - - [07/Mar/2023:06:29:59 +0000] "GET /api/v1/users/-1 HTTP/1.1" 500 29
::1 - - [07/Mar/2023:06:30:01 +0000] "GET /api/v1/users/-1 HTTP/1.1" 500 29
::1 - - [07/Mar/2023:06:30:06 +0000] "GET /api/v1/users/-1 HTTP/1.1" 500 29
::1 - - [07/Mar/2023:06:30:12 +0000] "GET /api/v1/users/-1 HTTP/1.1" 500 29
::1 - - [07/Mar/2023:06:30:34 +0000] "OPTIONS /api/v1/users HTTP/1.1" 204 0
::1 - - [07/Mar/2023:06:30:34 +0000] "POST /api/v1/users HTTP/1.1" 200 147
::1 - - [07/Mar/2023:06:30:35 +0000] "GET /api/v1/users HTTP/1.1" 200 426
::1 - - [07/Mar/2023:06:30:44 +0000] "GET /api/v1/users HTTP/1.1" 304 -
::1 - - [07/Mar/2023:06:30:52 +0000] "GET /api/v1/users HTTP/1.1" 304 -
::1 - - [07/Mar/2023:06:31:11 +0000] "GET /api/v1/users HTTP/1.1" 304 -
::1 - - [07/Mar/2023:06:31:26 +0000] "GET /api/v1/users HTTP/1.1" 304 -
::1 - - [07/Mar/2023:06:31:33 +0000] "GET /api/v1/users HTTP/1.1" 304 -
::1 - - [07/Mar/2023:06:31:42 +0000] "GET /api/v1/users HTTP/1.1" 304 -
::1 - - [07/Mar/2023:06:33:47 +0000] "GET /api/v1/users HTTP/1.1" 304 -
::1 - - [07/Mar/2023:06:34:03 +0000] "GET /api/v1/users HTTP/1.1" 304 -
::1 - - [07/Mar/2023:06:34:27 +0000] "GET /api/v1/users HTTP/1.1" 304 -
::1 - - [07/Mar/2023:06:34:45 +0000] "GET /api/v1/users HTTP/1.1" 304 -
::1 - - [07/Mar/2023:06:34:47 +0000] "GET /api/v1/users HTTP/1.1" 304 -
::1 - - [07/Mar/2023:06:34:49 +0000] "GET /api/v1/users HTTP/1.1" 304 -
::1 - - [07/Mar/2023:06:34:51 +0000] "GET /api/v1/users HTTP/1.1" 304 -
::1 - - [07/Mar/2023:06:35:16 +0000] "GET /api/v1/users HTTP/1.1" 304 -
::1 - - [07/Mar/2023:06:35:18 +0000] "GET /api/v1/users HTTP/1.1" 304 -
::1 - - [07/Mar/2023:06:35:21 +0000] "GET /api/v1/users HTTP/1.1" 304 -
::1 - - [07/Mar/2023:06:35:24 +0000] "GET /api/v1/users HTTP/1.1" 304 -
::1 - - [07/Mar/2023:06:35:55 +0000] "GET /api/v1/users HTTP/1.1" 304 -
::1 - - [07/Mar/2023:06:36:03 +0000] "GET /api/v1/users HTTP/1.1" 304 -
::1 - - [07/Mar/2023:06:36:04 +0000] "GET /api/v1/users HTTP/1.1" 304 -
::1 - - [07/Mar/2023:06:36:19 +0000] "GET /api/v1/users HTTP/1.1" 304 -
::1 - - [07/Mar/2023:06:36:25 +0000] "GET /api/v1/users HTTP/1.1" 304 -
::1 - - [07/Mar/2023:06:36:35 +0000] "GET /api/v1/users HTTP/1.1" 304 -
::1 - - [07/Mar/2023:06:36:36 +0000] "GET /api/v1/users HTTP/1.1" 304 -
::1 - - [07/Mar/2023:06:36:43 +0000] "GET /api/v1/users HTTP/1.1" 304 -
::1 - - [07/Mar/2023:06:36:52 +0000] "GET /api/v1/users HTTP/1.1" 304 -
::1 - - [07/Mar/2023:06:36:55 +0000] "GET /api/v1/users HTTP/1.1" 304 -
::1 - - [07/Mar/2023:06:37:01 +0000] "GET /api/v1/users HTTP/1.1" 304 -
::1 - - [07/Mar/2023:06:37:52 +0000] "GET /api/v1/users HTTP/1.1" 304 -
::1 - - [07/Mar/2023:06:37:53 +0000] "GET /api/v1/users HTTP/1.1" 304 -
::1 - - [07/Mar/2023:06:37:58 +0000] "GET /api/v1/users HTTP/1.1" 304 -
::1 - - [07/Mar/2023:06:38:10 +0000] "GET /api/v1/users HTTP/1.1" 304 -
::1 - - [07/Mar/2023:06:38:17 +0000] "GET /api/v1/users HTTP/1.1" 304 -
::1 - - [07/Mar/2023:06:38:21 +0000] "GET /api/v1/users HTTP/1.1" 304 -
::1 - - [07/Mar/2023:06:38:30 +0000] "GET /api/v1/users HTTP/1.1" 304 -
::1 - - [07/Mar/2023:06:38:33 +0000] "GET /api/v1/users HTTP/1.1" 304 -
::1 - - [07/Mar/2023:06:38:47 +0000] "GET /api/v1/users HTTP/1.1" 304 -
::1 - - [07/Mar/2023:06:38:53 +0000] "GET /api/v1/users HTTP/1.1" 304 -
::1 - - [07/Mar/2023:06:39:01 +0000] "GET /api/v1/users/-1 HTTP/1.1" 500 29
::1 - - [07/Mar/2023:06:39:05 +0000] "GET /api/v1/users HTTP/1.1" 304 -
::1 - - [07/Mar/2023:06:39:27 +0000] "GET /api/v1/users HTTP/1.1" 304 -
::1 - - [07/Mar/2023:06:39:29 +0000] "GET /api/v1/users HTTP/1.1" 304 -
::1 - - [07/Mar/2023:06:39:32 +0000] "GET /api/v1/users HTTP/1.1" 304 -
::1 - - [07/Mar/2023:06:39:49 +0000] "GET /api/v1/users HTTP/1.1" 304 -
::1 - - [07/Mar/2023:06:40:21 +0000] "GET /api/v1/users HTTP/1.1" 304 -
::1 - - [07/Mar/2023:06:40:39 +0000] "GET /api/v1/users HTTP/1.1" 304 -
::1 - - [07/Mar/2023:06:40:47 +0000] "GET /api/v1/users HTTP/1.1" 304 -
::1 - - [07/Mar/2023:06:40:56 +0000] "GET /api/v1/users HTTP/1.1" 304 -
::1 - - [07/Mar/2023:06:41:27 +0000] "GET /api/v1/users HTTP/1.1" 304 -
::1 - - [07/Mar/2023:06:42:09 +0000] "GET /api/v1/users HTTP/1.1" 304 -
::1 - - [07/Mar/2023:06:42:17 +0000] "GET /api/v1/users HTTP/1.1" 304 -
::1 - - [07/Mar/2023:06:42:19 +0000] "GET /api/v1/users HTTP/1.1" 304 -
::1 - - [07/Mar/2023:06:42:43 +0000] "GET /api/v1/users HTTP/1.1" 304 -
::1 - - [07/Mar/2023:06:42:48 +0000] "GET /api/v1/users HTTP/1.1" 304 -
::1 - - [07/Mar/2023:06:42:51 +0000] "GET /api/v1/users HTTP/1.1" 304 -
::1 - - [07/Mar/2023:06:42:59 +0000] "GET /api/v1/users HTTP/1.1" 304 -
::1 - - [07/Mar/2023:06:43:01 +0000] "GET /api/v1/users HTTP/1.1" 304 -
::1 - - [07/Mar/2023:06:43:39 +0000] "GET /api/v1/users/-1 HTTP/1.1" 500 29
::1 - - [07/Mar/2023:06:46:29 +0000] "GET /api/v1/users/-1 HTTP/1.1" 500 29
::1 - - [07/Mar/2023:06:46:31 +0000] "GET /api/v1/users/-1 HTTP/1.1" 500 29
::1 - - [07/Mar/2023:06:46:38 +0000] "GET /api/v1/users/-1 HTTP/1.1" 500 29
::1 - - [07/Mar/2023:06:46:42 +0000] "GET /api/v1/users/-1 HTTP/1.1" 500 29
::1 - - [07/Mar/2023:06:46:46 +0000] "GET /api/v1/users/-1 HTTP/1.1" 500 29
::1 - - [07/Mar/2023:06:46:55 +0000] "GET /api/v1/users/-1 HTTP/1.1" 500 29
::1 - - [07/Mar/2023:06:47:19 +0000] "GET /api/v1/users/-1 HTTP/1.1" 500 29
::1 - - [07/Mar/2023:06:47:23 +0000] "GET /api/v1/users/-1 HTTP/1.1" 500 29
::1 - - [07/Mar/2023:06:47:27 +0000] "GET /api/v1/users/-1 HTTP/1.1" 500 29
::1 - - [07/Mar/2023:06:47:31 +0000] "GET /api/v1/users/-1 HTTP/1.1" 500 29
::1 - - [07/Mar/2023:06:47:35 +0000] "GET /api/v1/users/-1 HTTP/1.1" 500 29
::1 - - [07/Mar/2023:06:47:37 +0000] "GET /api/v1/users/-1 HTTP/1.1" 500 29
::1 - - [07/Mar/2023:06:47:41 +0000] "GET /api/v1/users/-1 HTTP/1.1" 500 29
::1 - - [07/Mar/2023:06:47:46 +0000] "GET /api/v1/users/-1 HTTP/1.1" 500 29
::1 - - [07/Mar/2023:06:48:03 +0000] "GET /api/v1/users/-1 HTTP/1.1" 500 29
::1 - - [07/Mar/2023:06:48:08 +0000] "GET /api/v1/users/-1 HTTP/1.1" 500 29
::1 - - [07/Mar/2023:06:48:21 +0000] "GET /api/v1/users/-1 HTTP/1.1" 500 29
::1 - - [07/Mar/2023:06:48:40 +0000] "GET /api/v1/users/-1 HTTP/1.1" 500 29
::1 - - [07/Mar/2023:06:48:46 +0000] "GET /api/v1/users/-1 HTTP/1.1" 500 29
::1 - - [07/Mar/2023:06:49:20 +0000] "GET /api/v1/users/-1 HTTP/1.1" 500 29
::1 - - [07/Mar/2023:06:49:23 +0000] "GET /api/v1/users/-1 HTTP/1.1" 500 29
::1 - - [07/Mar/2023:06:51:16 +0000] "GET /api/v1/users/-1 HTTP/1.1" 500 29
::1 - - [07/Mar/2023:06:51:20 +0000] "GET /api/v1/users/-1 HTTP/1.1" 500 29
::1 - - [07/Mar/2023:06:52:42 +0000] "GET /api/v1/users HTTP/1.1" 304 -
::1 - - [07/Mar/2023:06:54:04 +0000] "GET /api/v1/users HTTP/1.1" 304 -
::1 - - [07/Mar/2023:06:54:12 +0000] "GET /api/v1/users HTTP/1.1" 304 -
::1 - - [07/Mar/2023:06:54:17 +0000] "GET /api/v1/users HTTP/1.1" 304 -
::1 - - [07/Mar/2023:06:54:25 +0000] "GET /api/v1/users HTTP/1.1" 304 -
::1 - - [07/Mar/2023:06:54:33 +0000] "GET /api/v1/users HTTP/1.1" 304 -
::1 - - [07/Mar/2023:06:54:39 +0000] "GET /api/v1/users HTTP/1.1" 304 -
::1 - - [07/Mar/2023:06:54:45 +0000] "GET /api/v1/users HTTP/1.1" 304 -
::1 - - [07/Mar/2023:06:54:48 +0000] "GET /api/v1/users HTTP/1.1" 304 -
::1 - - [07/Mar/2023:06:55:07 +0000] "GET /api/v1/users HTTP/1.1" 304 -
::1 - - [07/Mar/2023:06:55:08 +0000] "GET /api/v1/users HTTP/1.1" 304 -
::1 - - [07/Mar/2023:06:55:09 +0000] "GET /api/v1/users HTTP/1.1" 304 -
::1 - - [07/Mar/2023:06:55:12 +0000] "GET /api/v1/users HTTP/1.1" 304 -
::1 - - [07/Mar/2023:06:55:13 +0000] "GET /api/v1/users HTTP/1.1" 304 -
::1 - - [07/Mar/2023:06:55:18 +0000] "GET /api/v1/users HTTP/1.1" 304 -
::1 - - [07/Mar/2023:06:55:27 +0000] "GET /api/v1/users/-1 HTTP/1.1" 500 29
::1 - - [07/Mar/2023:06:56:19 +0000] "GET /api/v1/users/-1 HTTP/1.1" 500 29
::1 - - [07/Mar/2023:06:56:26 +0000] "GET /api/v1/users/-1 HTTP/1.1" 500 29
::1 - - [07/Mar/2023:06:56:28 +0000] "GET /api/v1/users/-1 HTTP/1.1" 500 29
::1 - - [07/Mar/2023:06:58:13 +0000] "GET /api/v1/users/-1 HTTP/1.1" 500 29
::1 - - [07/Mar/2023:06:58:57 +0000] "GET /api/v1/users/-1 HTTP/1.1" 500 29
::1 - - [07/Mar/2023:06:59:00 +0000] "GET /api/v1/users/-1 HTTP/1.1" 500 29
::1 - - [07/Mar/2023:06:59:12 +0000] "GET /api/v1/users/-1 HTTP/1.1" 500 29
::1 - - [07/Mar/2023:06:59:17 +0000] "GET /api/v1/users/-1 HTTP/1.1" 500 29
::1 - - [07/Mar/2023:06:59:33 +0000] "GET /api/v1/users/-1 HTTP/1.1" 500 29
::1 - - [07/Mar/2023:06:59:35 +0000] "GET /api/v1/users/-1 HTTP/1.1" 500 29
::1 - - [07/Mar/2023:07:02:26 +0000] "GET /api/v1/users/-1 HTTP/1.1" 500 29
::1 - - [07/Mar/2023:07:02:32 +0000] "GET /api/v1/users/-1 HTTP/1.1" 500 29
::1 - - [07/Mar/2023:07:02:34 +0000] "GET /api/v1/users/-1 HTTP/1.1" 500 29
::1 - - [07/Mar/2023:07:03:05 +0000] "GET /api/v1/users/-1 HTTP/1.1" 500 29
::1 - - [07/Mar/2023:07:04:30 +0000] "GET /api/v1/users/-1 HTTP/1.1" 500 29
::1 - - [07/Mar/2023:07:04:41 +0000] "GET /api/v1/users/-1 HTTP/1.1" 500 29
::1 - - [07/Mar/2023:07:04:54 +0000] "GET /api/v1/users/-1 HTTP/1.1" 500 29
::1 - - [07/Mar/2023:07:10:32 +0000] "GET /api/v1/users/-1 HTTP/1.1" 500 29
::1 - - [07/Mar/2023:07:10:33 +0000] "GET /api/v1/users/-1 HTTP/1.1" 500 29
::1 - - [07/Mar/2023:07:10:40 +0000] "GET /api/v1/users/-1 HTTP/1.1" 500 29
::1 - - [07/Mar/2023:07:10:41 +0000] "GET /api/v1/users/-1 HTTP/1.1" 500 29
::1 - - [07/Mar/2023:07:10:44 +0000] "GET /api/v1/users/-1 HTTP/1.1" 500 29
::1 - - [07/Mar/2023:07:11:46 +0000] "GET /api/v1/users/-1 HTTP/1.1" 500 29
::1 - - [07/Mar/2023:07:12:00 +0000] "GET /api/v1/users/-1 HTTP/1.1" 500 29
::1 - - [07/Mar/2023:07:13:08 +0000] "GET /api/v1/users/-1 HTTP/1.1" 500 29
::1 - - [07/Mar/2023:07:13:10 +0000] "GET /api/v1/users/-1 HTTP/1.1" 500 29
::1 - - [07/Mar/2023:07:13:21 +0000] "GET /api/v1/users HTTP/1.1" 304 -
::1 - - [07/Mar/2023:07:14:09 +0000] "GET /api/v1/users HTTP/1.1" 304 -
::1 - - [07/Mar/2023:07:19:37 +0000] "GET /api/v1/users/-1 HTTP/1.1" 500 29
::1 - - [07/Mar/2023:07:19:39 +0000] "GET /api/v1/users HTTP/1.1" 304 -
::1 - - [07/Mar/2023:07:28:42 +0000] "GET /api/v1/users/-1 HTTP/1.1" 500 29
::1 - - [07/Mar/2023:08:43:31 +0000] "GET /api/v1 HTTP/1.1" 404 145
::1 - - [07/Mar/2023:08:43:43 +0000] "GET /api/v1/users HTTP/1.1" 304 -
::1 - - [07/Mar/2023:08:44:41 +0000] "GET /api/v1/users/-1 HTTP/1.1" 500 29
::1 - - [07/Mar/2023:08:44:50 +0000] "GET /api/v1/users HTTP/1.1" 304 -
::1 - - [07/Mar/2023:09:49:04 +0000] "GET /api/v1/users HTTP/1.1" 200 426
::1 - - [07/Mar/2023:09:49:04 +0000] "GET /favicon.ico HTTP/1.1" 404 150
::1 - - [07/Mar/2023:09:51:40 +0000] "GET /api/v1/users HTTP/1.1" 304 -
::1 - - [07/Mar/2023:09:52:48 +0000] "GET /api/v1/users HTTP/1.1" 304 -
::1 - - [07/Mar/2023:09:52:53 +0000] "GET /api/v1/users HTTP/1.1" 304 -
::1 - - [07/Mar/2023:11:00:26 +0000] "GET /api/v1/users HTTP/1.1" 200 426
